Build started 9/1/2015 11:03:46 PM.
     1>Project "C:\Users\Student\Desktop\dev\SFUMaps\misc-files\LocationAlgorithim\LocationAlgorithim\LocationAlgorithim.vcxproj" on node 2 (Build target(s)).
     1>ClCompile:
         C:\Program Files (x86)\Microsoft Visual Studio 14.0\VC\bin\CL.exe /c /ZI /nologo /W3 /WX- /Od /Oy- /D WIN32 /D _DEBUG /D _WINDOWS /D _UNICODE /D UNICODE /Gm /EHsc /RTC1 /MDd /GS /fp:precise /Zc:wchar_t /Zc:forScope /Zc:inline /Fo"Debug\\" /Fd"Debug\vc140.pdb" /Gd /TP /analyze- /errorReport:prompt Source.cpp
         Source.cpp
     1>c:\users\student\desktop\dev\sfumaps\misc-files\locationalgorithim\locationalgorithim\source.cpp(24): error C2065: 'Math': undeclared identifier
     1>c:\users\student\desktop\dev\sfumaps\misc-files\locationalgorithim\locationalgorithim\source.cpp(24): error C2228: left of '.sqrt' must have class/struct/union
         c:\users\student\desktop\dev\sfumaps\misc-files\locationalgorithim\locationalgorithim\source.cpp(24): note: type is 'unknown-type'
     1>c:\users\student\desktop\dev\sfumaps\misc-files\locationalgorithim\locationalgorithim\source.cpp(32): error C2065: 'Math': undeclared identifier
     1>c:\users\student\desktop\dev\sfumaps\misc-files\locationalgorithim\locationalgorithim\source.cpp(32): error C2228: left of '.abs' must have class/struct/union
         c:\users\student\desktop\dev\sfumaps\misc-files\locationalgorithim\locationalgorithim\source.cpp(32): note: type is 'unknown-type'
     1>c:\users\student\desktop\dev\sfumaps\misc-files\locationalgorithim\locationalgorithim\source.cpp(52): error C2065: 'Math': undeclared identifier
     1>c:\users\student\desktop\dev\sfumaps\misc-files\locationalgorithim\locationalgorithim\source.cpp(52): error C2228: left of '.sqrt' must have class/struct/union
         c:\users\student\desktop\dev\sfumaps\misc-files\locationalgorithim\locationalgorithim\source.cpp(52): note: type is 'unknown-type'
     1>c:\users\student\desktop\dev\sfumaps\misc-files\locationalgorithim\locationalgorithim\source.cpp(66): error C2065: 'Log': undeclared identifier
     1>c:\users\student\desktop\dev\sfumaps\misc-files\locationalgorithim\locationalgorithim\source.cpp(66): error C2228: left of '.d' must have class/struct/union
         c:\users\student\desktop\dev\sfumaps\misc-files\locationalgorithim\locationalgorithim\source.cpp(66): note: type is 'unknown-type'
     1>c:\users\student\desktop\dev\sfumaps\misc-files\locationalgorithim\locationalgorithim\source.cpp(66): error C2111: '+': pointer addition requires integral operand
     1>c:\users\student\desktop\dev\sfumaps\misc-files\locationalgorithim\locationalgorithim\source.cpp(71): error C2065: 'Math': undeclared identifier
     1>c:\users\student\desktop\dev\sfumaps\misc-files\locationalgorithim\locationalgorithim\source.cpp(71): error C2228: left of '.sqrt' must have class/struct/union
         c:\users\student\desktop\dev\sfumaps\misc-files\locationalgorithim\locationalgorithim\source.cpp(71): note: type is 'unknown-type'
     1>c:\users\student\desktop\dev\sfumaps\misc-files\locationalgorithim\locationalgorithim\source.cpp(75): error C2065: 'Math': undeclared identifier
     1>c:\users\student\desktop\dev\sfumaps\misc-files\locationalgorithim\locationalgorithim\source.cpp(75): error C2228: left of '.sqrt' must have class/struct/union
         c:\users\student\desktop\dev\sfumaps\misc-files\locationalgorithim\locationalgorithim\source.cpp(75): note: type is 'unknown-type'
     1>c:\users\student\desktop\dev\sfumaps\misc-files\locationalgorithim\locationalgorithim\source.cpp(77): error C2065: 'Math': undeclared identifier
     1>c:\users\student\desktop\dev\sfumaps\misc-files\locationalgorithim\locationalgorithim\source.cpp(77): error C2228: left of '.abs' must have class/struct/union
         c:\users\student\desktop\dev\sfumaps\misc-files\locationalgorithim\locationalgorithim\source.cpp(77): note: type is 'unknown-type'
     1>c:\users\student\desktop\dev\sfumaps\misc-files\locationalgorithim\locationalgorithim\source.cpp(77): error C2065: 'EPSILON': undeclared identifier
     1>c:\users\student\desktop\dev\sfumaps\misc-files\locationalgorithim\locationalgorithim\source.cpp(78): error C2065: 'Log': undeclared identifier
     1>c:\users\student\desktop\dev\sfumaps\misc-files\locationalgorithim\locationalgorithim\source.cpp(78): error C2228: left of '.d' must have class/struct/union
         c:\users\student\desktop\dev\sfumaps\misc-files\locationalgorithim\locationalgorithim\source.cpp(78): note: type is 'unknown-type'
     1>c:\users\student\desktop\dev\sfumaps\misc-files\locationalgorithim\locationalgorithim\source.cpp(78): error C2111: '+': pointer addition requires integral operand
     1>c:\users\student\desktop\dev\sfumaps\misc-files\locationalgorithim\locationalgorithim\source.cpp(80): error C2065: 'Math': undeclared identifier
     1>c:\users\student\desktop\dev\sfumaps\misc-files\locationalgorithim\locationalgorithim\source.cpp(80): error C2228: left of '.abs' must have class/struct/union
         c:\users\student\desktop\dev\sfumaps\misc-files\locationalgorithim\locationalgorithim\source.cpp(80): note: type is 'unknown-type'
     1>c:\users\student\desktop\dev\sfumaps\misc-files\locationalgorithim\locationalgorithim\source.cpp(80): error C2065: 'EPSILON': undeclared identifier
     1>c:\users\student\desktop\dev\sfumaps\misc-files\locationalgorithim\locationalgorithim\source.cpp(81): error C2065: 'Log': undeclared identifier
     1>c:\users\student\desktop\dev\sfumaps\misc-files\locationalgorithim\locationalgorithim\source.cpp(81): error C2228: left of '.d' must have class/struct/union
         c:\users\student\desktop\dev\sfumaps\misc-files\locationalgorithim\locationalgorithim\source.cpp(81): note: type is 'unknown-type'
     1>c:\users\student\desktop\dev\sfumaps\misc-files\locationalgorithim\locationalgorithim\source.cpp(81): error C2111: '+': pointer addition requires integral operand
     1>c:\users\student\desktop\dev\sfumaps\misc-files\locationalgorithim\locationalgorithim\source.cpp(84): error C2065: 'Log': undeclared identifier
     1>c:\users\student\desktop\dev\sfumaps\misc-files\locationalgorithim\locationalgorithim\source.cpp(84): error C2228: left of '.d' must have class/struct/union
         c:\users\student\desktop\dev\sfumaps\misc-files\locationalgorithim\locationalgorithim\source.cpp(84): note: type is 'unknown-type'
     1>Done Building Project "C:\Users\Student\Desktop\dev\SFUMaps\misc-files\LocationAlgorithim\LocationAlgorithim\LocationAlgorithim.vcxproj" (Build target(s)) -- FAILED.

Build FAILED.

Time Elapsed 00:00:02.21
